<?xml version="1.0" encoding="UTF-8"?>
<!-- Generated by org.testng.reporters.JUnitXMLReporter -->
<testsuite hostname="LAPTOP-95VID93J" ignored="0" name="TestFirefox" tests="1" failures="1" timestamp="14 Feb 2017 07:05:36 GMT" time="18.972" errors="0">
  <testcase name="testDeleteEmployee" time="4.61" classname="com.hrm.scripts.DeleteEmployee">
    <failure type="java.lang.AssertionError">
      <![CDATA[java.lang.AssertionError
	at org.junit.Assert.fail(Assert.java:86)
	at org.junit.Assert.assertTrue(Assert.java:41)
	at org.junit.Assert.assertFalse(Assert.java:64)
	at org.junit.Assert.assertFalse(Assert.java:74)
	at com.hrm.pages.EmpInfoPage.verifyEmpIsNotPresent(EmpInfoPage.java:37)
	at com.hrm.scripts.DeleteEmployee.testDeleteEmployee(DeleteEmployee.java:32)
... Removed 25 stack frames]]>
    </failure>
  </testcase> <!-- testDeleteEmployee -->
</testsuite> <!-- TestFirefox -->
